
=== Wed Mar 19 11:32:26 2025

Packages were changed.
Update Mode: updateDependencies

The following packages were added:
  com.unity.ai.navigation@2.0.5
  com.unity.modules.accessibility@1.0.0
  com.unity.multiplayer.center@1.0.0
The following packages were updated:
  com.unity.ads from version 2.0.8 to 4.4.2
  com.unity.analytics from version 3.3.2 to 3.8.1
  com.unity.collab-proxy from version 1.2.16 to 2.6.0
  com.unity.ext.nunit from version 1.0.0 to 2.0.5
  com.unity.ide.rider from version 1.0.4 to 3.0.31
  com.unity.ide.visualstudio from version 1.0.10 to 2.0.22
  com.unity.purchasing from version 2.0.6 to 4.12.2
  com.unity.test-framework from version 1.0.13 to 1.4.5
  com.unity.timeline from version 1.1.0 to 1.8.7
  com.unity.ugui from version 1.0.0 to 2.0.0
The following packages were removed:
  com.unity.package-manager-ui@2.2.0
  com.unity.textmeshpro@2.0.1
